#-----------------------------------------------------------
# Vivado v2018.3 (64-bit)
# SW Build 2405991 on Thu Dec  6 23:38:27 MST 2018
# IP Build 2404404 on Fri Dec  7 01:43:56 MST 2018
# Start of session at: Fri Mar  1 18:53:25 2024
# Process ID: 22404
# Current directory: C:/Users/glagu/Desktop/università/PROGETTO RETI LOGICHE/peponzo
# Command line: vivado.exe -gui_launcher_event rodinguilauncherevent18956 C:\Users\glagu\Desktop\università\PROGETTO RETI LOGICHE\peponzo\peponzo2.xpr
# Log file: C:/Users/glagu/Desktop/università/PROGETTO RETI LOGICHE/peponzo/vivado.log
# Journal file: C:/Users/glagu/Desktop/università/PROGETTO RETI LOGICHE/peponzo\vivado.jou
#-----------------------------------------------------------
start_gui
open_project {C:/Users/glagu/Desktop/università/PROGETTO RETI LOGICHE/peponzo/peponzo2.xpr}
Scanning sources...
Finished scanning sources
INFO: [IP_Flow 19-234] Refreshing IP repositories
INFO: [IP_Flow 19-1704] No user IP repositories specified
INFO: [IP_Flow 19-2313] Loaded Vivado IP repository 'C:/Xilinx/Vivado/2018.3/data/ip'.
open_project: Time (s): cpu = 00:00:04 ; elapsed = 00:00:10 . Memory (MB): peak = 821.285 ; gain = 204.812
update_compile_order -fileset sources_1
launch_simulation
INFO: [Vivado 12-5682] Launching behavioral simulation in 'C:/Users/glagu/Desktop/università/PROGETTO RETI LOGICHE/peponzo/peponzo2.sim/sim_1/behav/xsim'
INFO: [SIM-utils-51] Simulation object is 'sim_1'
INFO: [SIM-utils-54] Inspecting design source files for 'project_tb' in fileset 'sim_1'...
INFO: [USF-XSim-97] Finding global include files...
INFO: [USF-XSim-98] Fetching design files from 'sim_1'...
INFO: [USF-XSim-2] XSim::Compile design
INFO: [USF-XSim-61] Executing 'COMPILE and ANALYZE' step in 'C:/Users/glagu/Desktop/università/PROGETTO RETI LOGICHE/peponzo/peponzo2.sim/sim_1/behav/xsim'
"xvhdl --incr --relax -prj project_tb_vhdl.prj"
INFO: [VRFC 10-163] Analyzing VHDL file "C:/Users/glagu/Desktop/università/PROGETTO RETI LOGICHE/peponzo/fsm.vhd" into library xil_defaultlib
INFO: [VRFC 10-3107] analyzing entity 'fsm'
INFO: [USF-XSim-69] 'compile' step finished in '2' seconds
INFO: [USF-XSim-3] XSim::Elaborate design
INFO: [USF-XSim-61] Executing 'ELABORATE' step in 'C:/Users/glagu/Desktop/università/PROGETTO RETI LOGICHE/peponzo/peponzo2.sim/sim_1/behav/xsim'
Vivado Simulator 2018.3
Copyright 1986-1999, 2001-2018 Xilinx, Inc. All Rights Reserved.
Running: C:/Xilinx/Vivado/2018.3/bin/unwrapped/win64.o/xelab.exe -wto 0b173bae73cb42a78a4d8cd3d108cc5f --incr --debug typical --relax --mt 2 -L xil_defaultlib -L secureip --snapshot project_tb_behav xil_defaultlib.project_tb -log elaborate.log 
Using 2 slave threads.
Starting static elaboration
ERROR: [VRFC 10-664] expression has 9 elements ; expected 8 [C:/Users/glagu/Desktop/università/PROGETTO RETI LOGICHE/peponzo/fsm.vhd:74]
ERROR: [XSIM 43-3321] Static elaboration of top level VHDL design unit project_tb in library work failed.
INFO: [USF-XSim-69] 'elaborate' step finished in '1' seconds
INFO: [USF-XSim-99] Step results log file:'C:/Users/glagu/Desktop/università/PROGETTO RETI LOGICHE/peponzo/peponzo2.sim/sim_1/behav/xsim/elaborate.log'
ERROR: [USF-XSim-62] 'elaborate' step failed with error(s). Please check the Tcl console output or 'C:/Users/glagu/Desktop/università/PROGETTO RETI LOGICHE/peponzo/peponzo2.sim/sim_1/behav/xsim/elaborate.log' file for more information.
ERROR: [Vivado 12-4473] Detected error while running simulation. Please correct the issue and retry this operation.
ERROR: [Common 17-39] 'launch_simulation' failed due to earlier errors.
launch_simulation
INFO: [Vivado 12-5682] Launching behavioral simulation in 'C:/Users/glagu/Desktop/università/PROGETTO RETI LOGICHE/peponzo/peponzo2.sim/sim_1/behav/xsim'
INFO: [SIM-utils-51] Simulation object is 'sim_1'
INFO: [SIM-utils-54] Inspecting design source files for 'project_tb' in fileset 'sim_1'...
INFO: [USF-XSim-97] Finding global include files...
INFO: [USF-XSim-98] Fetching design files from 'sim_1'...
INFO: [USF-XSim-2] XSim::Compile design
INFO: [USF-XSim-61] Executing 'COMPILE and ANALYZE' step in 'C:/Users/glagu/Desktop/università/PROGETTO RETI LOGICHE/peponzo/peponzo2.sim/sim_1/behav/xsim'
"xvhdl --incr --relax -prj project_tb_vhdl.prj"
INFO: [VRFC 10-163] Analyzing VHDL file "C:/Users/glagu/Desktop/università/PROGETTO RETI LOGICHE/peponzo/fsm.vhd" into library xil_defaultlib
INFO: [VRFC 10-3107] analyzing entity 'fsm'
INFO: [USF-XSim-69] 'compile' step finished in '1' seconds
INFO: [USF-XSim-3] XSim::Elaborate design
INFO: [USF-XSim-61] Executing 'ELABORATE' step in 'C:/Users/glagu/Desktop/università/PROGETTO RETI LOGICHE/peponzo/peponzo2.sim/sim_1/behav/xsim'
Vivado Simulator 2018.3
Copyright 1986-1999, 2001-2018 Xilinx, Inc. All Rights Reserved.
Running: C:/Xilinx/Vivado/2018.3/bin/unwrapped/win64.o/xelab.exe -wto 0b173bae73cb42a78a4d8cd3d108cc5f --incr --debug typical --relax --mt 2 -L xil_defaultlib -L secureip --snapshot project_tb_behav xil_defaultlib.project_tb -log elaborate.log 
Using 2 slave threads.
Starting static elaboration
Completed static elaboration
Starting simulation data flow analysis
Completed simulation data flow analysis
Time Resolution for simulation is 1ps
Compiling package std.standard
Compiling package std.textio
Compiling package ieee.std_logic_1164
Compiling package ieee.numeric_std
Compiling architecture contatore_arch of entity xil_defaultlib.contatore [contatore_default]
Compiling architecture fsm_arch of entity xil_defaultlib.fsm [fsm_default]
Compiling architecture project_reti_logiche_arch of entity xil_defaultlib.project_reti_logiche [project_reti_logiche_default]
Compiling architecture project_tb_arch of entity xil_defaultlib.project_tb
Built simulation snapshot project_tb_behav
INFO: [USF-XSim-69] 'elaborate' step finished in '3' seconds
INFO: [USF-XSim-4] XSim::Simulate design
INFO: [USF-XSim-61] Executing 'SIMULATE' step in 'C:/Users/glagu/Desktop/università/PROGETTO RETI LOGICHE/peponzo/peponzo2.sim/sim_1/behav/xsim'
INFO: [USF-XSim-98] *** Running xsim
   with args "project_tb_behav -key {Behavioral:sim_1:Functional:project_tb} -tclbatch {project_tb.tcl} -log {simulate.log}"
INFO: [USF-XSim-8] Loading simulator feature
Vivado Simulator 2018.3
Time resolution is 1 ps
source project_tb.tcl
# set curr_wave [current_wave_config]
# if { [string length $curr_wave] == 0 } {
#   if { [llength [get_objects]] > 0} {
#     add_wave /
#     set_property needs_save false [current_wave_config]
#   } else {
#      send_msg_id Add_Wave-1 WARNING "No top level signals found. Simulator will start without a wave window. If you want to open a wave window go to 'File->New Waveform Configuration' or type 'create_wave_config' in the TCL console."
#   }
# }
WARNING: [Wavedata 42-489] Can't add object "/project_tb/RAM" to the wave window because it has 524288 bits, which exceeds the display limit of 65536 bits.  To change the display limit, use the command "set_property display_limit <new limit> [current_wave_config]".
# run 10000ns
INFO: [USF-XSim-96] XSim completed. Design snapshot 'project_tb_behav' loaded.
INFO: [USF-XSim-97] XSim simulation ran for 10000ns
launch_simulation: Time (s): cpu = 00:00:02 ; elapsed = 00:00:09 . Memory (MB): peak = 845.906 ; gain = 13.180
restart
INFO: [Simtcl 6-17] Simulation restarted
run 1000 ns
restart
INFO: [Simtcl 6-17] Simulation restarted
run 1000 ns
close_sim
INFO: [Simtcl 6-16] Simulation closed
launch_simulation
INFO: [Vivado 12-5682] Launching behavioral simulation in 'C:/Users/glagu/Desktop/università/PROGETTO RETI LOGICHE/peponzo/peponzo2.sim/sim_1/behav/xsim'
INFO: [SIM-utils-51] Simulation object is 'sim_1'
INFO: [SIM-utils-54] Inspecting design source files for 'project_tb' in fileset 'sim_1'...
INFO: [USF-XSim-97] Finding global include files...
INFO: [USF-XSim-98] Fetching design files from 'sim_1'...
INFO: [USF-XSim-2] XSim::Compile design
INFO: [USF-XSim-61] Executing 'COMPILE and ANALYZE' step in 'C:/Users/glagu/Desktop/università/PROGETTO RETI LOGICHE/peponzo/peponzo2.sim/sim_1/behav/xsim'
"xvhdl --incr --relax -prj project_tb_vhdl.prj"
INFO: [VRFC 10-163] Analyzing VHDL file "C:/Users/glagu/Desktop/università/PROGETTO RETI LOGICHE/peponzo/fsm.vhd" into library xil_defaultlib
INFO: [VRFC 10-3107] analyzing entity 'fsm'
INFO: [USF-XSim-69] 'compile' step finished in '1' seconds
INFO: [USF-XSim-3] XSim::Elaborate design
INFO: [USF-XSim-61] Executing 'ELABORATE' step in 'C:/Users/glagu/Desktop/università/PROGETTO RETI LOGICHE/peponzo/peponzo2.sim/sim_1/behav/xsim'
Vivado Simulator 2018.3
Copyright 1986-1999, 2001-2018 Xilinx, Inc. All Rights Reserved.
Running: C:/Xilinx/Vivado/2018.3/bin/unwrapped/win64.o/xelab.exe -wto 0b173bae73cb42a78a4d8cd3d108cc5f --incr --debug typical --relax --mt 2 -L xil_defaultlib -L secureip --snapshot project_tb_behav xil_defaultlib.project_tb -log elaborate.log 
Using 2 slave threads.
Starting static elaboration
Completed static elaboration
Starting simulation data flow analysis
Completed simulation data flow analysis
Time Resolution for simulation is 1ps
Compiling package std.standard
Compiling package std.textio
Compiling package ieee.std_logic_1164
Compiling package ieee.numeric_std
Compiling architecture contatore_arch of entity xil_defaultlib.contatore [contatore_default]
Compiling architecture fsm_arch of entity xil_defaultlib.fsm [fsm_default]
Compiling architecture project_reti_logiche_arch of entity xil_defaultlib.project_reti_logiche [project_reti_logiche_default]
Compiling architecture project_tb_arch of entity xil_defaultlib.project_tb
Built simulation snapshot project_tb_behav
INFO: [USF-XSim-69] 'elaborate' step finished in '1' seconds
INFO: [USF-XSim-4] XSim::Simulate design
INFO: [USF-XSim-61] Executing 'SIMULATE' step in 'C:/Users/glagu/Desktop/università/PROGETTO RETI LOGICHE/peponzo/peponzo2.sim/sim_1/behav/xsim'
INFO: [USF-XSim-98] *** Running xsim
   with args "project_tb_behav -key {Behavioral:sim_1:Functional:project_tb} -tclbatch {project_tb.tcl} -log {simulate.log}"
INFO: [USF-XSim-8] Loading simulator feature
Vivado Simulator 2018.3
Time resolution is 1 ps
source project_tb.tcl
# set curr_wave [current_wave_config]
# if { [string length $curr_wave] == 0 } {
#   if { [llength [get_objects]] > 0} {
#     add_wave /
#     set_property needs_save false [current_wave_config]
#   } else {
#      send_msg_id Add_Wave-1 WARNING "No top level signals found. Simulator will start without a wave window. If you want to open a wave window go to 'File->New Waveform Configuration' or type 'create_wave_config' in the TCL console."
#   }
# }
WARNING: [Wavedata 42-489] Can't add object "/project_tb/RAM" to the wave window because it has 524288 bits, which exceeds the display limit of 65536 bits.  To change the display limit, use the command "set_property display_limit <new limit> [current_wave_config]".
# run 10000ns
INFO: [USF-XSim-96] XSim completed. Design snapshot 'project_tb_behav' loaded.
INFO: [USF-XSim-97] XSim simulation ran for 10000ns
restart
INFO: [Simtcl 6-17] Simulation restarted
run 1000 ns
close_sim
INFO: [Simtcl 6-16] Simulation closed
exit
INFO: [Common 17-206] Exiting Vivado at Fri Mar  1 19:34:32 2024...
