#-----------------------------------------------------------
# Vivado v2018.3 (64-bit)
# SW Build 2405991 on Thu Dec  6 23:38:27 MST 2018
# IP Build 2404404 on Fri Dec  7 01:43:56 MST 2018
# Start of session at: Mon Feb 26 12:04:35 2024
# Process ID: 22948
# Current directory: C:/Users/glagu/Desktop/università/PROGETTO RETI LOGICHE/peponzo
# Command line: vivado.exe -gui_launcher_event rodinguilauncherevent18884 C:\Users\glagu\Desktop\università\PROGETTO RETI LOGICHE\peponzo\peponzo2.xpr
# Log file: C:/Users/glagu/Desktop/università/PROGETTO RETI LOGICHE/peponzo/vivado.log
# Journal file: C:/Users/glagu/Desktop/università/PROGETTO RETI LOGICHE/peponzo\vivado.jou
#-----------------------------------------------------------
start_gui
open_project {C:/Users/glagu/Desktop/università/PROGETTO RETI LOGICHE/peponzo/peponzo2.xpr}
INFO: [Project 1-313] Project file moved from 'C:/Users/glagu/Desktop/università/PROGETTO RETI LOGICHE' since last save.
CRITICAL WARNING: [Project 1-311] Could not find the file 'C:/Users/glagu/Desktop/università/PROGETTO RETI LOGICHE/peponzo/peponzo2.srcs/constrs_1/new/clock.xdc', nor could it be found using path 'C:/Users/glagu/Desktop/università/PROGETTO RETI LOGICHE/peponzo2.srcs/constrs_1/new/clock.xdc'.
Scanning sources...
Finished scanning sources
INFO: [IP_Flow 19-234] Refreshing IP repositories
INFO: [IP_Flow 19-1704] No user IP repositories specified
INFO: [IP_Flow 19-2313] Loaded Vivado IP repository 'C:/Xilinx/Vivado/2018.3/data/ip'.
open_project: Time (s): cpu = 00:00:12 ; elapsed = 00:00:18 . Memory (MB): peak = 770.070 ; gain = 183.492
update_compile_order -fileset sources_1
add_files -fileset constrs_1 -norecurse {{C:/Users/glagu/Desktop/università/PROGETTO RETI LOGICHE/peponzo/clock.xdc}}
export_ip_user_files -of_objects  [get_files {{C:/Users/glagu/Desktop/università/PROGETTO RETI LOGICHE/peponzo/peponzo2.srcs/constrs_1/new/clock.xdc}}] -no_script -reset -force -quiet
remove_files  -fileset constrs_1 {{C:/Users/glagu/Desktop/università/PROGETTO RETI LOGICHE/peponzo/peponzo2.srcs/constrs_1/new/clock.xdc}}
launch_simulation
INFO: [Vivado 12-5682] Launching behavioral simulation in 'C:/Users/glagu/Desktop/università/PROGETTO RETI LOGICHE/peponzo/peponzo2.sim/sim_1/behav/xsim'
INFO: [SIM-utils-51] Simulation object is 'sim_1'
INFO: [SIM-utils-54] Inspecting design source files for 'project_tb' in fileset 'sim_1'...
INFO: [USF-XSim-97] Finding global include files...
INFO: [USF-XSim-98] Fetching design files from 'sim_1'...
INFO: [USF-XSim-2] XSim::Compile design
INFO: [USF-XSim-61] Executing 'COMPILE and ANALYZE' step in 'C:/Users/glagu/Desktop/università/PROGETTO RETI LOGICHE/peponzo/peponzo2.sim/sim_1/behav/xsim'
"xvhdl --incr --relax -prj project_tb_vhdl.prj"
INFO: [VRFC 10-163] Analyzing VHDL file "C:/Users/glagu/Desktop/università/PROGETTO RETI LOGICHE/peponzo/contatore.vhd" into library xil_defaultlib
INFO: [VRFC 10-3107] analyzing entity 'contatore'
INFO: [VRFC 10-163] Analyzing VHDL file "C:/Users/glagu/Desktop/università/PROGETTO RETI LOGICHE/peponzo/fsm.vhd" into library xil_defaultlib
INFO: [VRFC 10-3107] analyzing entity 'fsm'
INFO: [VRFC 10-163] Analyzing VHDL file "C:/Users/glagu/Desktop/università/PROGETTO RETI LOGICHE/peponzo/project_reti_logiche.vhd" into library xil_defaultlib
INFO: [VRFC 10-3107] analyzing entity 'project_reti_logiche'
INFO: [VRFC 10-163] Analyzing VHDL file "C:/Users/glagu/Desktop/università/PROGETTO RETI LOGICHE/peponzo/Testbenches/project_tb.vhd" into library xil_defaultlib
INFO: [VRFC 10-3107] analyzing entity 'project_tb'
INFO: [USF-XSim-69] 'compile' step finished in '2' seconds
INFO: [USF-XSim-3] XSim::Elaborate design
INFO: [USF-XSim-61] Executing 'ELABORATE' step in 'C:/Users/glagu/Desktop/università/PROGETTO RETI LOGICHE/peponzo/peponzo2.sim/sim_1/behav/xsim'
Vivado Simulator 2018.3
Copyright 1986-1999, 2001-2018 Xilinx, Inc. All Rights Reserved.
Running: C:/Xilinx/Vivado/2018.3/bin/unwrapped/win64.o/xelab.exe -wto 0b173bae73cb42a78a4d8cd3d108cc5f --incr --debug typical --relax --mt 2 -L xil_defaultlib -L secureip --snapshot project_tb_behav xil_defaultlib.project_tb -log elaborate.log 
Using 2 slave threads.
Starting static elaboration
Completed static elaboration
Starting simulation data flow analysis
Completed simulation data flow analysis
Time Resolution for simulation is 1ps
Compiling package std.standard
Compiling package std.textio
Compiling package ieee.std_logic_1164
Compiling package ieee.numeric_std
Compiling architecture contatore_arch of entity xil_defaultlib.contatore [contatore_default]
Compiling architecture fsm_arch of entity xil_defaultlib.fsm [fsm_default]
Compiling architecture project_reti_logiche_arch of entity xil_defaultlib.project_reti_logiche [project_reti_logiche_default]
Compiling architecture project_tb_arch of entity xil_defaultlib.project_tb
Built simulation snapshot project_tb_behav

****** Webtalk v2018.3 (64-bit)
  **** SW Build 2405991 on Thu Dec  6 23:38:27 MST 2018
  **** IP Build 2404404 on Fri Dec  7 01:43:56 MST 2018
    ** Copyright 1986-2018 Xilinx, Inc. All Rights Reserved.

source C:/Users/glagu/Desktop/università/PROGETTO -notrace
couldn't read file "C:/Users/glagu/Desktop/università/PROGETTO": no such file or directory
INFO: [Common 17-206] Exiting Webtalk at Mon Feb 26 12:13:13 2024...
run_program: Time (s): cpu = 00:00:00 ; elapsed = 00:00:06 . Memory (MB): peak = 826.180 ; gain = 0.000
INFO: [USF-XSim-69] 'elaborate' step finished in '5' seconds
INFO: [USF-XSim-4] XSim::Simulate design
INFO: [USF-XSim-61] Executing 'SIMULATE' step in 'C:/Users/glagu/Desktop/università/PROGETTO RETI LOGICHE/peponzo/peponzo2.sim/sim_1/behav/xsim'
INFO: [USF-XSim-98] *** Running xsim
   with args "project_tb_behav -key {Behavioral:sim_1:Functional:project_tb} -tclbatch {project_tb.tcl} -log {simulate.log}"
INFO: [USF-XSim-8] Loading simulator feature
Vivado Simulator 2018.3
Time resolution is 1 ps
source project_tb.tcl
# set curr_wave [current_wave_config]
# if { [string length $curr_wave] == 0 } {
#   if { [llength [get_objects]] > 0} {
#     add_wave /
#     set_property needs_save false [current_wave_config]
#   } else {
#      send_msg_id Add_Wave-1 WARNING "No top level signals found. Simulator will start without a wave window. If you want to open a wave window go to 'File->New Waveform Configuration' or type 'create_wave_config' in the TCL console."
#   }
# }
WARNING: [Wavedata 42-489] Can't add object "/project_tb/RAM" to the wave window because it has 524288 bits, which exceeds the display limit of 65536 bits.  To change the display limit, use the command "set_property display_limit <new limit> [current_wave_config]".
# run 1000ns
Failure: TEST FALLITO o_done !=0 during reset
Time: 75 ns  Iteration: 0  Process: /project_tb/test_routine  File: C:/Users/glagu/Desktop/università/PROGETTO RETI LOGICHE/peponzo/Testbenches/project_tb.vhd
$finish called at time : 75 ns : File "C:/Users/glagu/Desktop/università/PROGETTO RETI LOGICHE/peponzo/Testbenches/project_tb.vhd" Line 165
INFO: [USF-XSim-96] XSim completed. Design snapshot 'project_tb_behav' loaded.
INFO: [USF-XSim-97] XSim simulation ran for 1000ns
launch_simulation: Time (s): cpu = 00:00:04 ; elapsed = 00:00:13 . Memory (MB): peak = 841.375 ; gain = 15.195
close_sim
INFO: [Simtcl 6-16] Simulation closed
launch_simulation
INFO: [Vivado 12-5682] Launching behavioral simulation in 'C:/Users/glagu/Desktop/università/PROGETTO RETI LOGICHE/peponzo/peponzo2.sim/sim_1/behav/xsim'
INFO: [SIM-utils-51] Simulation object is 'sim_1'
INFO: [SIM-utils-54] Inspecting design source files for 'project_tb' in fileset 'sim_1'...
INFO: [USF-XSim-97] Finding global include files...
INFO: [USF-XSim-98] Fetching design files from 'sim_1'...
INFO: [USF-XSim-2] XSim::Compile design
INFO: [USF-XSim-61] Executing 'COMPILE and ANALYZE' step in 'C:/Users/glagu/Desktop/università/PROGETTO RETI LOGICHE/peponzo/peponzo2.sim/sim_1/behav/xsim'
"xvhdl --incr --relax -prj project_tb_vhdl.prj"
INFO: [VRFC 10-163] Analyzing VHDL file "C:/Users/glagu/Desktop/università/PROGETTO RETI LOGICHE/peponzo/fsm.vhd" into library xil_defaultlib
INFO: [VRFC 10-3107] analyzing entity 'fsm'
INFO: [USF-XSim-69] 'compile' step finished in '1' seconds
INFO: [USF-XSim-3] XSim::Elaborate design
INFO: [USF-XSim-61] Executing 'ELABORATE' step in 'C:/Users/glagu/Desktop/università/PROGETTO RETI LOGICHE/peponzo/peponzo2.sim/sim_1/behav/xsim'
Vivado Simulator 2018.3
Copyright 1986-1999, 2001-2018 Xilinx, Inc. All Rights Reserved.
Running: C:/Xilinx/Vivado/2018.3/bin/unwrapped/win64.o/xelab.exe -wto 0b173bae73cb42a78a4d8cd3d108cc5f --incr --debug typical --relax --mt 2 -L xil_defaultlib -L secureip --snapshot project_tb_behav xil_defaultlib.project_tb -log elaborate.log 
Using 2 slave threads.
Starting static elaboration
Completed static elaboration
Starting simulation data flow analysis
Completed simulation data flow analysis
Time Resolution for simulation is 1ps
Compiling package std.standard
Compiling package std.textio
Compiling package ieee.std_logic_1164
Compiling package ieee.numeric_std
Compiling architecture contatore_arch of entity xil_defaultlib.contatore [contatore_default]
Compiling architecture fsm_arch of entity xil_defaultlib.fsm [fsm_default]
Compiling architecture project_reti_logiche_arch of entity xil_defaultlib.project_reti_logiche [project_reti_logiche_default]
Compiling architecture project_tb_arch of entity xil_defaultlib.project_tb
Built simulation snapshot project_tb_behav
INFO: [USF-XSim-69] 'elaborate' step finished in '2' seconds
INFO: [USF-XSim-4] XSim::Simulate design
INFO: [USF-XSim-61] Executing 'SIMULATE' step in 'C:/Users/glagu/Desktop/università/PROGETTO RETI LOGICHE/peponzo/peponzo2.sim/sim_1/behav/xsim'
INFO: [USF-XSim-98] *** Running xsim
   with args "project_tb_behav -key {Behavioral:sim_1:Functional:project_tb} -tclbatch {project_tb.tcl} -log {simulate.log}"
INFO: [USF-XSim-8] Loading simulator feature
Vivado Simulator 2018.3
Time resolution is 1 ps
source project_tb.tcl
# set curr_wave [current_wave_config]
# if { [string length $curr_wave] == 0 } {
#   if { [llength [get_objects]] > 0} {
#     add_wave /
#     set_property needs_save false [current_wave_config]
#   } else {
#      send_msg_id Add_Wave-1 WARNING "No top level signals found. Simulator will start without a wave window. If you want to open a wave window go to 'File->New Waveform Configuration' or type 'create_wave_config' in the TCL console."
#   }
# }
WARNING: [Wavedata 42-489] Can't add object "/project_tb/RAM" to the wave window because it has 524288 bits, which exceeds the display limit of 65536 bits.  To change the display limit, use the command "set_property display_limit <new limit> [current_wave_config]".
# run 1000ns
INFO: [USF-XSim-96] XSim completed. Design snapshot 'project_tb_behav' loaded.
INFO: [USF-XSim-97] XSim simulation ran for 1000ns
launch_simulation: Time (s): cpu = 00:00:01 ; elapsed = 00:00:06 . Memory (MB): peak = 844.113 ; gain = 0.000
close_sim
INFO: [Simtcl 6-16] Simulation closed
launch_simulation
INFO: [Vivado 12-5682] Launching behavioral simulation in 'C:/Users/glagu/Desktop/università/PROGETTO RETI LOGICHE/peponzo/peponzo2.sim/sim_1/behav/xsim'
INFO: [SIM-utils-51] Simulation object is 'sim_1'
INFO: [SIM-utils-54] Inspecting design source files for 'project_tb' in fileset 'sim_1'...
INFO: [USF-XSim-97] Finding global include files...
INFO: [USF-XSim-98] Fetching design files from 'sim_1'...
INFO: [USF-XSim-2] XSim::Compile design
INFO: [USF-XSim-61] Executing 'COMPILE and ANALYZE' step in 'C:/Users/glagu/Desktop/università/PROGETTO RETI LOGICHE/peponzo/peponzo2.sim/sim_1/behav/xsim'
"xvhdl --incr --relax -prj project_tb_vhdl.prj"
INFO: [USF-XSim-69] 'compile' step finished in '1' seconds
INFO: [USF-XSim-3] XSim::Elaborate design
INFO: [USF-XSim-61] Executing 'ELABORATE' step in 'C:/Users/glagu/Desktop/università/PROGETTO RETI LOGICHE/peponzo/peponzo2.sim/sim_1/behav/xsim'
Vivado Simulator 2018.3
Copyright 1986-1999, 2001-2018 Xilinx, Inc. All Rights Reserved.
Running: C:/Xilinx/Vivado/2018.3/bin/unwrapped/win64.o/xelab.exe -wto 0b173bae73cb42a78a4d8cd3d108cc5f --incr --debug typical --relax --mt 2 -L xil_defaultlib -L secureip --snapshot project_tb_behav xil_defaultlib.project_tb -log elaborate.log 
Using 2 slave threads.
Starting static elaboration
Completed static elaboration
INFO: [XSIM 43-4323] No Change in HDL. Linking previously generated obj files to create kernel
INFO: [USF-XSim-69] 'elaborate' step finished in '2' seconds
INFO: [USF-XSim-4] XSim::Simulate design
INFO: [USF-XSim-61] Executing 'SIMULATE' step in 'C:/Users/glagu/Desktop/università/PROGETTO RETI LOGICHE/peponzo/peponzo2.sim/sim_1/behav/xsim'
INFO: [USF-XSim-98] *** Running xsim
   with args "project_tb_behav -key {Behavioral:sim_1:Functional:project_tb} -tclbatch {project_tb.tcl} -log {simulate.log}"
INFO: [USF-XSim-8] Loading simulator feature
Vivado Simulator 2018.3
Time resolution is 1 ps
source project_tb.tcl
# set curr_wave [current_wave_config]
# if { [string length $curr_wave] == 0 } {
#   if { [llength [get_objects]] > 0} {
#     add_wave /
#     set_property needs_save false [current_wave_config]
#   } else {
#      send_msg_id Add_Wave-1 WARNING "No top level signals found. Simulator will start without a wave window. If you want to open a wave window go to 'File->New Waveform Configuration' or type 'create_wave_config' in the TCL console."
#   }
# }
WARNING: [Wavedata 42-489] Can't add object "/project_tb/RAM" to the wave window because it has 524288 bits, which exceeds the display limit of 65536 bits.  To change the display limit, use the command "set_property display_limit <new limit> [current_wave_config]".
# run 1000ns
INFO: [USF-XSim-96] XSim completed. Design snapshot 'project_tb_behav' loaded.
INFO: [USF-XSim-97] XSim simulation ran for 1000ns
launch_simulation: Time (s): cpu = 00:00:02 ; elapsed = 00:00:06 . Memory (MB): peak = 844.113 ; gain = 0.000
WARNING: [Wavedata 42-489] Can't add object "/project_tb/RAM" to the wave window because it has 524288 bits, which exceeds the display limit of 65536 bits.  To change the display limit, use the command "set_property display_limit <new limit> [current_wave_config]".
WARNING: [Wavedata 42-489] Can't add object "/project_tb/RAM" to the wave window because it has 524288 bits, which exceeds the display limit of 65536 bits.  To change the display limit, use the command "set_property display_limit <new limit> [current_wave_config]".
WARNING: [Wavedata 42-489] Can't add object "/project_tb/RAM" to the wave window because it has 524288 bits, which exceeds the display limit of 65536 bits.  To change the display limit, use the command "set_property display_limit <new limit> [current_wave_config]".
WARNING: [Wavedata 42-489] Can't add object "/project_tb/RAM" to the wave window because it has 524288 bits, which exceeds the display limit of 65536 bits.  To change the display limit, use the command "set_property display_limit <new limit> [current_wave_config]".
WARNING: [Wavedata 42-489] Can't add object "/project_tb/RAM" to the wave window because it has 524288 bits, which exceeds the display limit of 65536 bits.  To change the display limit, use the command "set_property display_limit <new limit> [current_wave_config]".
WARNING: [Wavedata 42-489] Can't add object "/project_tb/RAM" to the wave window because it has 524288 bits, which exceeds the display limit of 65536 bits.  To change the display limit, use the command "set_property display_limit <new limit> [current_wave_config]".
WARNING: [Wavedata 42-489] Can't add object "/project_tb/RAM" to the wave window because it has 524288 bits, which exceeds the display limit of 65536 bits.  To change the display limit, use the command "set_property display_limit <new limit> [current_wave_config]".
WARNING: [Wavedata 42-489] Can't add object "/project_tb/RAM" to the wave window because it has 524288 bits, which exceeds the display limit of 65536 bits.  To change the display limit, use the command "set_property display_limit <new limit> [current_wave_config]".
WARNING: [Wavedata 42-489] Can't add object "/project_tb/RAM" to the wave window because it has 524288 bits, which exceeds the display limit of 65536 bits.  To change the display limit, use the command "set_property display_limit <new limit> [current_wave_config]".
current_wave_config {Untitled 3}
Untitled 3
add_wave {{/project_tb/RAM}} 
WARNING: [Wavedata 42-489] Can't add object "/project_tb/RAM" to the wave window because it has 524288 bits, which exceeds the display limit of 65536 bits.  To change the display limit, use the command "set_property display_limit <new limit> [current_wave_config]".
INFO: [Wavedata 42-43] There are no traceable objects to add.
close_sim
INFO: [Simtcl 6-16] Simulation closed
exit
INFO: [Common 17-206] Exiting Vivado at Mon Feb 26 12:24:45 2024...
