#-----------------------------------------------------------
# Vivado v2018.3 (64-bit)
# SW Build 2405991 on Thu Dec  6 23:38:27 MST 2018
# IP Build 2404404 on Fri Dec  7 01:43:56 MST 2018
# Start of session at: Fri Mar  1 23:52:11 2024
# Process ID: 21952
# Current directory: C:/Users/glagu/Desktop/università/PROGETTO RETI LOGICHE/peponzo/peponzo2.sim/sim_1/behav/xsim
# Command line: vivado.exe -gui_launcher_event rodinguilauncherevent1916 C:\Users\glagu\Desktop\università\PROGETTO RETI LOGICHE\peponzo\peponzo2.sim\sim_1\behav\xsim\project_reti_logiche_behav.wdb
# Log file: C:/Users/glagu/Desktop/università/PROGETTO RETI LOGICHE/peponzo/peponzo2.sim/sim_1/behav/xsim/vivado.log
# Journal file: C:/Users/glagu/Desktop/università/PROGETTO RETI LOGICHE/peponzo/peponzo2.sim/sim_1/behav/xsim\vivado.jou
#-----------------------------------------------------------
start_gui
open_wave_database {C:\Users\glagu\Desktop\università\PROGETTO RETI LOGICHE\peponzo\peponzo2.sim\sim_1\behav\xsim\project_reti_logiche_behav.wdb}
INFO: [IP_Flow 19-234] Refreshing IP repositories
INFO: [IP_Flow 19-1704] No user IP repositories specified
INFO: [IP_Flow 19-2313] Loaded Vivado IP repository 'C:/Xilinx/Vivado/2018.3/data/ip'.
current_fileset: Time (s): cpu = 00:00:05 ; elapsed = 00:00:05 . Memory (MB): peak = 749.402 ; gain = 136.039
open_wave_database: Time (s): cpu = 00:00:06 ; elapsed = 00:00:06 . Memory (MB): peak = 765.020 ; gain = 151.656
close_sim
INFO: [Simtcl 6-16] Simulation closed
exit
INFO: [Common 17-206] Exiting Vivado at Fri Mar  1 23:52:43 2024...
